<?xml version="1.0" encoding="UTF-8"?>
<testsuite xmlns:xsi="http://www.w3.org/2001/XMLSchema-instance" xsi:noNamespaceSchemaLocation="https://maven.apache.org/surefire/maven-surefire-plugin/xsd/surefire-test-report.xsd" name="com.he.addressBook.AddressBookTest" time="0.047" tests="3" errors="0" skipped="0" failures="3">
  <properties>
[...]
</properties>
  <testcase name="testAddressBook" classname="com.he.addressBook.AddressBookTest" time="0.017">
    <failure type="java.lang.AssertionError:">java.lang.AssertionError: 
	at com.he.addressBook.AddressBookTest.testAddressBook(AddressBookTest.java:160)
</failure>
    <system-out><![CDATA[null
]]></system-out>
  </testcase>
  <testcase name="testAddressBookSearchAndUpdate" classname="com.he.addressBook.AddressBookTest" time="0">
    <failure type="java.lang.AssertionError:">java.lang.AssertionError: 
	at com.he.addressBook.AddressBookTest.testAddressBookSearchAndUpdate(AddressBookTest.java:294)
</failure>
  </testcase>
  <testcase name="testInvalidFields" classname="com.he.addressBook.AddressBookTest" time="0.005">
    <failure type="java.lang.AssertionError:">java.lang.AssertionError: 
	at com.he.addressBook.AddressBookTest.testInvalidFields(AddressBookTest.java:312)
</failure>
  </testcase>
</testsuite>